0 info it worked if it ends with ok
1 verbose cli [ 'node', '/usr/local/bin/npm', 'install', 'node-curl' ]
2 info using npm@2.5.1
3 info using node@v0.12.0
4 warn package.json BB-spa-app@0.0.0 No README data
5 silly cache add args [ 'node-curl', null ]
6 verbose cache add spec node-curl
7 silly cache add parsed spec { raw: 'node-curl',
7 silly cache add   scope: null,
7 silly cache add   name: 'node-curl',
7 silly cache add   rawSpec: '',
7 silly cache add   spec: '*',
7 silly cache add   type: 'range' }
8 verbose addNamed node-curl@*
9 silly addNamed semver.valid null
10 silly addNamed semver.validRange *
11 silly addNameRange { name: 'node-curl', range: '*', hasData: false }
12 silly mapToRegistry name node-curl
13 silly mapToRegistry using default registry
14 silly mapToRegistry registry https://registry.npmjs.org/
15 silly mapToRegistry uri https://registry.npmjs.org/node-curl
16 verbose addNameRange registry:https://registry.npmjs.org/node-curl not in flight; fetching
17 verbose request uri https://registry.npmjs.org/node-curl
18 verbose request no auth needed
19 info attempt registry request try #1 at 3:03:14 PM
20 verbose request id 347e5fc2652b9522
21 verbose etag "5U5Y3UM85O42DVLSY2ZWJNWJR"
22 http request GET https://registry.npmjs.org/node-curl
23 http 304 https://registry.npmjs.org/node-curl
24 silly get cb [ 304,
24 silly get   { date: 'Wed, 04 Mar 2015 23:03:14 GMT',
24 silly get     server: 'Apache',
24 silly get     via: '1.1 varnish',
24 silly get     'last-modified': 'Wed, 04 Mar 2015 23:03:14 GMT',
24 silly get     'cache-control': 'max-age=60',
24 silly get     etag: '"5U5Y3UM85O42DVLSY2ZWJNWJR"',
24 silly get     age: '0',
24 silly get     'x-served-by': 'cache-sjc3125-SJC',
24 silly get     'x-cache': 'MISS',
24 silly get     'x-cache-hits': '0',
24 silly get     'x-timer': 'S1425510194.415313,VS0,VE61',
24 silly get     vary: 'Accept',
24 silly get     'content-length': '0',
24 silly get     'keep-alive': 'timeout=10, max=50',
24 silly get     connection: 'Keep-Alive' } ]
25 verbose etag https://registry.npmjs.org/node-curl from cache
26 verbose get saving node-curl to /Users/zeromax/.npm/registry.npmjs.org/node-curl/.cache.json
27 silly addNameRange number 2 { name: 'node-curl', range: '*', hasData: true }
28 silly addNameRange versions [ 'node-curl',
28 silly addNameRange   [ '0.1.0',
28 silly addNameRange     '0.1.1',
28 silly addNameRange     '0.1.2',
28 silly addNameRange     '0.1.3',
28 silly addNameRange     '0.1.4',
28 silly addNameRange     '0.1.5',
28 silly addNameRange     '0.1.6',
28 silly addNameRange     '0.1.7',
28 silly addNameRange     '0.1.8',
28 silly addNameRange     '0.2.0',
28 silly addNameRange     '0.2.1',
28 silly addNameRange     '0.2.2',
28 silly addNameRange     '0.2.3',
28 silly addNameRange     '0.3.0',
28 silly addNameRange     '0.3.1',
28 silly addNameRange     '0.3.3' ] ]
29 verbose addNamed node-curl@0.3.3
30 silly addNamed semver.valid 0.3.3
31 silly addNamed semver.validRange 0.3.3
32 silly cache afterAdd node-curl@0.3.3
33 verbose afterAdd /Users/zeromax/.npm/node-curl/0.3.3/package/package.json not in flight; writing
34 verbose afterAdd /Users/zeromax/.npm/node-curl/0.3.3/package/package.json written
35 silly install resolved [ { name: 'node-curl',
35 silly install resolved     version: '0.3.3',
35 silly install resolved     author: { name: 'Jiang Miao', email: 'jiangfriend@gmail.com' },
35 silly install resolved     description: 'node wrapper for multi curl, fully implemented.',
35 silly install resolved     keywords: [ 'node-curl', 'curl', 'multi-curl', 'mcurl' ],
35 silly install resolved     homepage: 'http://github.com/jiangmiao/node-curl',
35 silly install resolved     repository: { type: 'git', url: 'git://github.com/jiangmiao/node-curl.git' },
35 silly install resolved     main: './lib',
35 silly install resolved     scripts: { install: 'sh src/generate_curl_options_list.sh && (node-gyp rebuild || node-waf configure build)' },
35 silly install resolved     engines: { node: '>= 0.6.0' },
35 silly install resolved     bugs: { url: 'https://github.com/jiangmiao/node-curl/issues' },
35 silly install resolved     _id: 'node-curl@0.3.3',
35 silly install resolved     _shasum: '71274370774c2298b860307a9e45877701638735',
35 silly install resolved     _resolved: 'https://registry.npmjs.org/node-curl/-/node-curl-0.3.3.tgz',
35 silly install resolved     _from: 'node-curl@*',
35 silly install resolved     _npmVersion: '1.4.23',
35 silly install resolved     _npmUser: { name: 'jiangmiao', email: 'jiangfriend@gmail.com' },
35 silly install resolved     maintainers: [ [Object] ],
35 silly install resolved     dist:
35 silly install resolved      { shasum: '71274370774c2298b860307a9e45877701638735',
35 silly install resolved        tarball: 'http://registry.npmjs.org/node-curl/-/node-curl-0.3.3.tgz' },
35 silly install resolved     directories: {},
35 silly install resolved     readme: 'ERROR: No README data found!' } ]
36 info install node-curl@0.3.3 into /Users/zeromax/Github/spa-bb-demo
37 info installOne node-curl@0.3.3
38 verbose installOne of node-curl to /Users/zeromax/Github/spa-bb-demo not in flight; installing
39 verbose lock using /Users/zeromax/.npm/_locks/node-curl-06245b31d8708966.lock for /Users/zeromax/Github/spa-bb-demo/node_modules/node-curl
40 silly install write writing node-curl 0.3.3 to /Users/zeromax/Github/spa-bb-demo/node_modules/node-curl
41 silly cache addNamed cb node-curl@0.3.3
42 verbose unbuild node_modules/node-curl
43 verbose gentlyRm vacuuming /Users/zeromax/Github/spa-bb-demo/node_modules/node-curl
44 verbose tar unpack /Users/zeromax/.npm/node-curl/0.3.3/package.tgz
45 verbose tar unpacking to /Users/zeromax/Github/spa-bb-demo/node_modules/node-curl
46 verbose gentlyRm vacuuming /Users/zeromax/Github/spa-bb-demo/node_modules/node-curl
47 silly gunzTarPerm modes [ '755', '644' ]
48 silly gunzTarPerm extractEntry package.json
49 silly gunzTarPerm extractEntry .npmignore
50 silly gunzTarPerm extractEntry README.md
51 silly gunzTarPerm extractEntry index.js
52 silly gunzTarPerm extractEntry binding.gyp
53 silly gunzTarPerm extractEntry examples/curl.js
54 silly gunzTarPerm extractEntry examples/low-level.js
55 silly gunzTarPerm extractEntry examples/post-multi-part.js
56 silly gunzTarPerm extractEntry examples/test.js
57 silly gunzTarPerm extractEntry examples/low-level-pressure.js
58 silly gunzTarPerm extractEntry examples/test-stream.js
59 silly gunzTarPerm extractEntry examples/pressure-multi-post.js
60 silly gunzTarPerm extractEntry examples/test-get-info.js
61 silly gunzTarPerm extractEntry examples/test-errors.js
62 silly gunzTarPerm extractEntry examples/quick-start.js
63 silly gunzTarPerm extractEntry examples/post.js
64 silly gunzTarPerm extractEntry examples/pressure.js
65 silly gunzTarPerm extractEntry examples/pressure.toffee
66 silly gunzTarPerm extractEntry examples/curl.toffee
67 silly gunzTarPerm extractEntry examples/test-errors.toffee
68 silly gunzTarPerm extractEntry examples/pressure-multi-post.toffee
69 silly gunzTarPerm extractEntry examples/post.toffee
70 silly gunzTarPerm extractEntry examples/test-stream.toffee
71 silly gunzTarPerm extractEntry examples/post-multi-part.toffee
72 silly gunzTarPerm extractEntry examples/test.toffee
73 silly gunzTarPerm extractEntry .travis.yml
74 silly gunzTarPerm extractEntry index.toffee
75 silly gunzTarPerm extractEntry lib/Curl.js
76 silly gunzTarPerm extractEntry lib/CurlBuilder.js
77 silly gunzTarPerm extractEntry lib/Curl.toffee
78 silly gunzTarPerm extractEntry lib/CurlBuilder.toffee
79 silly gunzTarPerm extractEntry LICENSE-MIT
80 silly gunzTarPerm extractEntry src/generate_curl_options_list.sh
81 silly gunzTarPerm extractEntry src/node-curl.cc
82 silly gunzTarPerm extractEntry src/node-curl.h
83 silly gunzTarPerm extractEntry wscript
84 info preinstall node-curl@0.3.3
85 silly install resolved []
86 verbose about to build /Users/zeromax/Github/spa-bb-demo/node_modules/node-curl
87 info build /Users/zeromax/Github/spa-bb-demo/node_modules/node-curl
88 verbose linkStuff [ false,
88 verbose linkStuff   false,
88 verbose linkStuff   false,
88 verbose linkStuff   '/Users/zeromax/Github/spa-bb-demo/node_modules' ]
89 info linkStuff node-curl@0.3.3
90 verbose linkBins node-curl@0.3.3
91 verbose linkMans node-curl@0.3.3
92 verbose rebuildBundles node-curl@0.3.3
93 info install node-curl@0.3.3
94 verbose unsafe-perm in lifecycle false
95 info node-curl@0.3.3 Failed to exec install script
96 verbose unlock done using /Users/zeromax/.npm/_locks/node-curl-06245b31d8708966.lock for /Users/zeromax/Github/spa-bb-demo/node_modules/node-curl
97 verbose stack Error: node-curl@0.3.3 install: `sh src/generate_curl_options_list.sh && (node-gyp rebuild || node-waf configure build)`
97 verbose stack Exit status 127
97 verbose stack     at EventEmitter.<anonymous> (/usr/local/lib/node_modules/npm/lib/utils/lifecycle.js:213:16)
97 verbose stack     at EventEmitter.emit (events.js:110:17)
97 verbose stack     at ChildProcess.<anonymous> (/usr/local/lib/node_modules/npm/lib/utils/spawn.js:14:12)
97 verbose stack     at ChildProcess.emit (events.js:110:17)
97 verbose stack     at maybeClose (child_process.js:1008:16)
97 verbose stack     at Process.ChildProcess._handle.onexit (child_process.js:1080:5)
98 verbose pkgid node-curl@0.3.3
99 verbose cwd /Users/zeromax/Github/spa-bb-demo
100 error Darwin 14.1.0
101 error argv "node" "/usr/local/bin/npm" "install" "node-curl"
102 error node v0.12.0
103 error npm  v2.5.1
104 error code ELIFECYCLE
105 error node-curl@0.3.3 install: `sh src/generate_curl_options_list.sh && (node-gyp rebuild || node-waf configure build)`
105 error Exit status 127
106 error Failed at the node-curl@0.3.3 install script 'sh src/generate_curl_options_list.sh && (node-gyp rebuild || node-waf configure build)'.
106 error This is most likely a problem with the node-curl package,
106 error not with npm itself.
106 error Tell the author that this fails on your system:
106 error     sh src/generate_curl_options_list.sh && (node-gyp rebuild || node-waf configure build)
106 error You can get their info via:
106 error     npm owner ls node-curl
106 error There is likely additional logging output above.
107 verbose exit [ 1, true ]
108 verbose unbuild node_modules/node-curl
109 info preuninstall node-curl@0.3.3
110 info uninstall node-curl@0.3.3
111 verbose unbuild rmStuff node-curl@0.3.3 from /Users/zeromax/Github/spa-bb-demo/node_modules
112 info postuninstall node-curl@0.3.3
113 verbose gentlyRm vacuuming /Users/zeromax/Github/spa-bb-demo/node_modules/node-curl
114 silly gentlyRm purging /Users/zeromax/Github/spa-bb-demo/node_modules/node-curl
115 silly gentlyRm quitting because other entries in /Users/zeromax/Github/spa-bb-demo/node_modules
